<?xml version="1.0" encoding="UTF-8"?>
<testng-results ignored="0" total="1" passed="1" failed="0" skipped="0">
  <reporter-output>
  </reporter-output>
  <suite started-at="2024-02-27T11:45:50 IST" name="Default suite" finished-at="2024-02-27T11:45:55 IST" duration-ms="4594">
    <groups>
    </groups>
    <test started-at="2024-02-27T11:45:50 IST" name="Default test" finished-at="2024-02-27T11:45:55 IST" duration-ms="4594">
      <class name="Testng.Axis.listenerTestClass">
        <test-method signature="invokechrome()[pri:0, instance:Testng.Axis.listenerTestClass@12aba8be]" started-at="2024-02-27T11:45:50 IST" name="invokechrome" finished-at="2024-02-27T11:45:55 IST" duration-ms="4565" status="PASS">
          <reporter-output>
          </reporter-output>
        </test-method> <!-- invokechrome -->
      </class> <!-- Testng.Axis.listenerTestClass -->
    </test> <!-- Default test -->
  </suite> <!-- Default suite -->
</testng-results>
